<?xml version="1.0" encoding="UTF-8"?>
<testsuite name="qa.guru.allure.ParametersTest" tests="1" skipped="0" failures="0" errors="0" timestamp="2022-04-28T16:13:18" hostname="MacBook-Pro-User.local" time="0.133">
  <properties/>
  <testcase name="Мой любимый тест" classname="qa.guru.allure.ParametersTest" time="0.133"/>
  <system-out><![CDATA[]]></system-out>
  <system-err><![CDATA[]]></system-err>
</testsuite>
